0 1 sh sh 0
0 1 sh <eps> 100
0 1 sh aa 100
0 1 sh ae 100
0 1 sh ah 100
0 1 sh aw 100
0 1 sh ay 100
0 1 sh b 100
0 1 sh ch 100
0 1 sh d 100
0 1 sh dh 100
0 1 sh dx 100
0 1 sh eh 100
0 1 sh er 100
0 1 sh ey 100
0 1 sh f 100
0 1 sh g 100
0 1 sh hh 100
0 1 sh ih 100
0 1 sh iy 100
0 1 sh jh 100
0 1 sh k 100
0 1 sh l 100
0 1 sh m 100
0 1 sh n 100
0 1 sh ng 100
0 1 sh ow 100
0 1 sh oy 100
0 1 sh p 100
0 1 sh r 100
0 1 sh s 100
0 1 sh sil 100
0 1 sh t 100
0 1 sh th 100
0 1 sh uh 100
0 1 sh uw 100
0 1 sh v 100
0 1 sh w 100
0 1 sh y 100
0 1 sh z 100
1 2 iy iy 0
1 2 iy <eps> 100
1 2 iy aa 100
1 2 iy ae 100
1 2 iy ah 100
1 2 iy aw 100
1 2 iy ay 100
1 2 iy b 100
1 2 iy ch 100
1 2 iy d 100
1 2 iy dh 100
1 2 iy dx 100
1 2 iy eh 100
1 2 iy er 100
1 2 iy ey 100
1 2 iy f 100
1 2 iy g 100
1 2 iy hh 100
1 2 iy ih 100
1 2 iy jh 100
1 2 iy k 100
1 2 iy l 100
1 2 iy m 100
1 2 iy n 100
1 2 iy ng 100
1 2 iy ow 100
1 2 iy oy 100
1 2 iy p 100
1 2 iy r 100
1 2 iy s 100
1 2 iy sh 100
1 2 iy sil 100
1 2 iy t 100
1 2 iy th 100
1 2 iy uh 100
1 2 iy uw 100
1 2 iy v 100
1 2 iy w 100
1 2 iy y 100
1 2 iy z 100
2 3 hh hh 0
2 3 hh <eps> 100
2 3 hh aa 100
2 3 hh ae 100
2 3 hh ah 100
2 3 hh aw 100
2 3 hh ay 100
2 3 hh b 100
2 3 hh ch 100
2 3 hh d 100
2 3 hh dh 100
2 3 hh dx 100
2 3 hh eh 100
2 3 hh er 100
2 3 hh ey 100
2 3 hh f 100
2 3 hh g 100
2 3 hh ih 100
2 3 hh iy 100
2 3 hh jh 100
2 3 hh k 100
2 3 hh l 100
2 3 hh m 100
2 3 hh n 100
2 3 hh ng 100
2 3 hh ow 100
2 3 hh oy 100
2 3 hh p 100
2 3 hh r 100
2 3 hh s 100
2 3 hh sh 100
2 3 hh sil 100
2 3 hh t 100
2 3 hh th 100
2 3 hh uh 100
2 3 hh uw 100
2 3 hh v 100
2 3 hh w 100
2 3 hh y 100
2 3 hh z 100
3 4 ae ae 0
3 4 ae <eps> 100
3 4 ae aa 100
3 4 ae ah 100
3 4 ae aw 100
3 4 ae ay 100
3 4 ae b 100
3 4 ae ch 100
3 4 ae d 100
3 4 ae dh 100
3 4 ae dx 100
3 4 ae eh 100
3 4 ae er 100
3 4 ae ey 100
3 4 ae f 100
3 4 ae g 100
3 4 ae hh 100
3 4 ae ih 100
3 4 ae iy 100
3 4 ae jh 100
3 4 ae k 100
3 4 ae l 100
3 4 ae m 100
3 4 ae n 100
3 4 ae ng 100
3 4 ae ow 100
3 4 ae oy 100
3 4 ae p 100
3 4 ae r 100
3 4 ae s 100
3 4 ae sh 100
3 4 ae sil 100
3 4 ae t 100
3 4 ae th 100
3 4 ae uh 100
3 4 ae uw 100
3 4 ae v 100
3 4 ae w 100
3 4 ae y 100
3 4 ae z 100
4 5 sil sil 0
4 5 sil <eps> 100
4 5 sil aa 100
4 5 sil ae 100
4 5 sil ah 100
4 5 sil aw 100
4 5 sil ay 100
4 5 sil b 100
4 5 sil ch 100
4 5 sil d 100
4 5 sil dh 100
4 5 sil dx 100
4 5 sil eh 100
4 5 sil er 100
4 5 sil ey 100
4 5 sil f 100
4 5 sil g 100
4 5 sil hh 100
4 5 sil ih 100
4 5 sil iy 100
4 5 sil jh 100
4 5 sil k 100
4 5 sil l 100
4 5 sil m 100
4 5 sil n 100
4 5 sil ng 100
4 5 sil ow 100
4 5 sil oy 100
4 5 sil p 100
4 5 sil r 100
4 5 sil s 100
4 5 sil sh 100
4 5 sil t 100
4 5 sil th 100
4 5 sil uh 100
4 5 sil uw 100
4 5 sil v 100
4 5 sil w 100
4 5 sil y 100
4 5 sil z 100
5 6 d d 0
5 6 d <eps> 100
5 6 d aa 100
5 6 d ae 100
5 6 d ah 100
5 6 d aw 100
5 6 d ay 100
5 6 d b 100
5 6 d ch 100
5 6 d dh 100
5 6 d dx 100
5 6 d eh 100
5 6 d er 100
5 6 d ey 100
5 6 d f 100
5 6 d g 100
5 6 d hh 100
5 6 d ih 100
5 6 d iy 100
5 6 d jh 100
5 6 d k 100
5 6 d l 100
5 6 d m 100
5 6 d n 100
5 6 d ng 100
5 6 d ow 100
5 6 d oy 100
5 6 d p 100
5 6 d r 100
5 6 d s 100
5 6 d sh 100
5 6 d sil 100
5 6 d t 100
5 6 d th 100
5 6 d uh 100
5 6 d uw 100
5 6 d v 100
5 6 d w 100
5 6 d y 100
5 6 d z 100
6 7 y y 0
6 7 y <eps> 100
6 7 y aa 100
6 7 y ae 100
6 7 y ah 100
6 7 y aw 100
6 7 y ay 100
6 7 y b 100
6 7 y ch 100
6 7 y d 100
6 7 y dh 100
6 7 y dx 100
6 7 y eh 100
6 7 y er 100
6 7 y ey 100
6 7 y f 100
6 7 y g 100
6 7 y hh 100
6 7 y ih 100
6 7 y iy 100
6 7 y jh 100
6 7 y k 100
6 7 y l 100
6 7 y m 100
6 7 y n 100
6 7 y ng 100
6 7 y ow 100
6 7 y oy 100
6 7 y p 100
6 7 y r 100
6 7 y s 100
6 7 y sh 100
6 7 y sil 100
6 7 y t 100
6 7 y th 100
6 7 y uh 100
6 7 y uw 100
6 7 y v 100
6 7 y w 100
6 7 y z 100
7 8 er er 0
7 8 er <eps> 100
7 8 er aa 100
7 8 er ae 100
7 8 er ah 100
7 8 er aw 100
7 8 er ay 100
7 8 er b 100
7 8 er ch 100
7 8 er d 100
7 8 er dh 100
7 8 er dx 100
7 8 er eh 100
7 8 er ey 100
7 8 er f 100
7 8 er g 100
7 8 er hh 100
7 8 er ih 100
7 8 er iy 100
7 8 er jh 100
7 8 er k 100
7 8 er l 100
7 8 er m 100
7 8 er n 100
7 8 er ng 100
7 8 er ow 100
7 8 er oy 100
7 8 er p 100
7 8 er r 100
7 8 er s 100
7 8 er sh 100
7 8 er sil 100
7 8 er t 100
7 8 er th 100
7 8 er uh 100
7 8 er uw 100
7 8 er v 100
7 8 er w 100
7 8 er y 100
7 8 er z 100
8 9 sil sil 0
8 9 sil <eps> 100
8 9 sil aa 100
8 9 sil ae 100
8 9 sil ah 100
8 9 sil aw 100
8 9 sil ay 100
8 9 sil b 100
8 9 sil ch 100
8 9 sil d 100
8 9 sil dh 100
8 9 sil dx 100
8 9 sil eh 100
8 9 sil er 100
8 9 sil ey 100
8 9 sil f 100
8 9 sil g 100
8 9 sil hh 100
8 9 sil ih 100
8 9 sil iy 100
8 9 sil jh 100
8 9 sil k 100
8 9 sil l 100
8 9 sil m 100
8 9 sil n 100
8 9 sil ng 100
8 9 sil ow 100
8 9 sil oy 100
8 9 sil p 100
8 9 sil r 100
8 9 sil s 100
8 9 sil sh 100
8 9 sil t 100
8 9 sil th 100
8 9 sil uh 100
8 9 sil uw 100
8 9 sil v 100
8 9 sil w 100
8 9 sil y 100
8 9 sil z 100
9 10 d d 0
9 10 d <eps> 100
9 10 d aa 100
9 10 d ae 100
9 10 d ah 100
9 10 d aw 100
9 10 d ay 100
9 10 d b 100
9 10 d ch 100
9 10 d dh 100
9 10 d dx 100
9 10 d eh 100
9 10 d er 100
9 10 d ey 100
9 10 d f 100
9 10 d g 100
9 10 d hh 100
9 10 d ih 100
9 10 d iy 100
9 10 d jh 100
9 10 d k 100
9 10 d l 100
9 10 d m 100
9 10 d n 100
9 10 d ng 100
9 10 d ow 100
9 10 d oy 100
9 10 d p 100
9 10 d r 100
9 10 d s 100
9 10 d sh 100
9 10 d sil 100
9 10 d t 100
9 10 d th 100
9 10 d uh 100
9 10 d uw 100
9 10 d v 100
9 10 d w 100
9 10 d y 100
9 10 d z 100
10 11 aa aa 0
10 11 aa <eps> 100
10 11 aa ae 100
10 11 aa ah 100
10 11 aa aw 100
10 11 aa ay 100
10 11 aa b 100
10 11 aa ch 100
10 11 aa d 100
10 11 aa dh 100
10 11 aa dx 100
10 11 aa eh 100
10 11 aa er 100
10 11 aa ey 100
10 11 aa f 100
10 11 aa g 100
10 11 aa hh 100
10 11 aa ih 100
10 11 aa iy 100
10 11 aa jh 100
10 11 aa k 100
10 11 aa l 100
10 11 aa m 100
10 11 aa n 100
10 11 aa ng 100
10 11 aa ow 100
10 11 aa oy 100
10 11 aa p 100
10 11 aa r 100
10 11 aa s 100
10 11 aa sh 100
10 11 aa sil 100
10 11 aa t 100
10 11 aa th 100
10 11 aa uh 100
10 11 aa uw 100
10 11 aa v 100
10 11 aa w 100
10 11 aa y 100
10 11 aa z 100
11 12 r r 0
11 12 r <eps> 100
11 12 r aa 100
11 12 r ae 100
11 12 r ah 100
11 12 r aw 100
11 12 r ay 100
11 12 r b 100
11 12 r ch 100
11 12 r d 100
11 12 r dh 100
11 12 r dx 100
11 12 r eh 100
11 12 r er 100
11 12 r ey 100
11 12 r f 100
11 12 r g 100
11 12 r hh 100
11 12 r ih 100
11 12 r iy 100
11 12 r jh 100
11 12 r k 100
11 12 r l 100
11 12 r m 100
11 12 r n 100
11 12 r ng 100
11 12 r ow 100
11 12 r oy 100
11 12 r p 100
11 12 r s 100
11 12 r sh 100
11 12 r sil 100
11 12 r t 100
11 12 r th 100
11 12 r uh 100
11 12 r uw 100
11 12 r v 100
11 12 r w 100
11 12 r y 100
11 12 r z 100
12 13 sil sil 0
12 13 sil <eps> 100
12 13 sil aa 100
12 13 sil ae 100
12 13 sil ah 100
12 13 sil aw 100
12 13 sil ay 100
12 13 sil b 100
12 13 sil ch 100
12 13 sil d 100
12 13 sil dh 100
12 13 sil dx 100
12 13 sil eh 100
12 13 sil er 100
12 13 sil ey 100
12 13 sil f 100
12 13 sil g 100
12 13 sil hh 100
12 13 sil ih 100
12 13 sil iy 100
12 13 sil jh 100
12 13 sil k 100
12 13 sil l 100
12 13 sil m 100
12 13 sil n 100
12 13 sil ng 100
12 13 sil ow 100
12 13 sil oy 100
12 13 sil p 100
12 13 sil r 100
12 13 sil s 100
12 13 sil sh 100
12 13 sil t 100
12 13 sil th 100
12 13 sil uh 100
12 13 sil uw 100
12 13 sil v 100
12 13 sil w 100
12 13 sil y 100
12 13 sil z 100
13 14 k k 0
13 14 k <eps> 100
13 14 k aa 100
13 14 k ae 100
13 14 k ah 100
13 14 k aw 100
13 14 k ay 100
13 14 k b 100
13 14 k ch 100
13 14 k d 100
13 14 k dh 100
13 14 k dx 100
13 14 k eh 100
13 14 k er 100
13 14 k ey 100
13 14 k f 100
13 14 k g 100
13 14 k hh 100
13 14 k ih 100
13 14 k iy 100
13 14 k jh 100
13 14 k l 100
13 14 k m 100
13 14 k n 100
13 14 k ng 100
13 14 k ow 100
13 14 k oy 100
13 14 k p 100
13 14 k r 100
13 14 k s 100
13 14 k sh 100
13 14 k sil 100
13 14 k t 100
13 14 k th 100
13 14 k uh 100
13 14 k uw 100
13 14 k v 100
13 14 k w 100
13 14 k y 100
13 14 k z 100
14 15 s s 0
14 15 s <eps> 100
14 15 s aa 100
14 15 s ae 100
14 15 s ah 100
14 15 s aw 100
14 15 s ay 100
14 15 s b 100
14 15 s ch 100
14 15 s d 100
14 15 s dh 100
14 15 s dx 100
14 15 s eh 100
14 15 s er 100
14 15 s ey 100
14 15 s f 100
14 15 s g 100
14 15 s hh 100
14 15 s ih 100
14 15 s iy 100
14 15 s jh 100
14 15 s k 100
14 15 s l 100
14 15 s m 100
14 15 s n 100
14 15 s ng 100
14 15 s ow 100
14 15 s oy 100
14 15 s p 100
14 15 s r 100
14 15 s sh 100
14 15 s sil 100
14 15 s t 100
14 15 s th 100
14 15 s uh 100
14 15 s uw 100
14 15 s v 100
14 15 s w 100
14 15 s y 100
14 15 s z 100
15 16 uw uw 0
15 16 uw <eps> 100
15 16 uw aa 100
15 16 uw ae 100
15 16 uw ah 100
15 16 uw aw 100
15 16 uw ay 100
15 16 uw b 100
15 16 uw ch 100
15 16 uw d 100
15 16 uw dh 100
15 16 uw dx 100
15 16 uw eh 100
15 16 uw er 100
15 16 uw ey 100
15 16 uw f 100
15 16 uw g 100
15 16 uw hh 100
15 16 uw ih 100
15 16 uw iy 100
15 16 uw jh 100
15 16 uw k 100
15 16 uw l 100
15 16 uw m 100
15 16 uw n 100
15 16 uw ng 100
15 16 uw ow 100
15 16 uw oy 100
15 16 uw p 100
15 16 uw r 100
15 16 uw s 100
15 16 uw sh 100
15 16 uw sil 100
15 16 uw t 100
15 16 uw th 100
15 16 uw uh 100
15 16 uw v 100
15 16 uw w 100
15 16 uw y 100
15 16 uw z 100
16 17 dx dx 0
16 17 dx <eps> 100
16 17 dx aa 100
16 17 dx ae 100
16 17 dx ah 100
16 17 dx aw 100
16 17 dx ay 100
16 17 dx b 100
16 17 dx ch 100
16 17 dx d 100
16 17 dx dh 100
16 17 dx eh 100
16 17 dx er 100
16 17 dx ey 100
16 17 dx f 100
16 17 dx g 100
16 17 dx hh 100
16 17 dx ih 100
16 17 dx iy 100
16 17 dx jh 100
16 17 dx k 100
16 17 dx l 100
16 17 dx m 100
16 17 dx n 100
16 17 dx ng 100
16 17 dx ow 100
16 17 dx oy 100
16 17 dx p 100
16 17 dx r 100
16 17 dx s 100
16 17 dx sh 100
16 17 dx sil 100
16 17 dx t 100
16 17 dx th 100
16 17 dx uh 100
16 17 dx uw 100
16 17 dx v 100
16 17 dx w 100
16 17 dx y 100
16 17 dx z 100
17 18 ih ih 0
17 18 ih <eps> 100
17 18 ih aa 100
17 18 ih ae 100
17 18 ih ah 100
17 18 ih aw 100
17 18 ih ay 100
17 18 ih b 100
17 18 ih ch 100
17 18 ih d 100
17 18 ih dh 100
17 18 ih dx 100
17 18 ih eh 100
17 18 ih er 100
17 18 ih ey 100
17 18 ih f 100
17 18 ih g 100
17 18 ih hh 100
17 18 ih iy 100
17 18 ih jh 100
17 18 ih k 100
17 18 ih l 100
17 18 ih m 100
17 18 ih n 100
17 18 ih ng 100
17 18 ih ow 100
17 18 ih oy 100
17 18 ih p 100
17 18 ih r 100
17 18 ih s 100
17 18 ih sh 100
17 18 ih sil 100
17 18 ih t 100
17 18 ih th 100
17 18 ih uh 100
17 18 ih uw 100
17 18 ih v 100
17 18 ih w 100
17 18 ih y 100
17 18 ih z 100
18 19 ng ng 0
18 19 ng <eps> 100
18 19 ng aa 100
18 19 ng ae 100
18 19 ng ah 100
18 19 ng aw 100
18 19 ng ay 100
18 19 ng b 100
18 19 ng ch 100
18 19 ng d 100
18 19 ng dh 100
18 19 ng dx 100
18 19 ng eh 100
18 19 ng er 100
18 19 ng ey 100
18 19 ng f 100
18 19 ng g 100
18 19 ng hh 100
18 19 ng ih 100
18 19 ng iy 100
18 19 ng jh 100
18 19 ng k 100
18 19 ng l 100
18 19 ng m 100
18 19 ng n 100
18 19 ng ow 100
18 19 ng oy 100
18 19 ng p 100
18 19 ng r 100
18 19 ng s 100
18 19 ng sh 100
18 19 ng sil 100
18 19 ng t 100
18 19 ng th 100
18 19 ng uh 100
18 19 ng uw 100
18 19 ng v 100
18 19 ng w 100
18 19 ng y 100
18 19 ng z 100
19 20 sil sil 0
19 20 sil <eps> 100
19 20 sil aa 100
19 20 sil ae 100
19 20 sil ah 100
19 20 sil aw 100
19 20 sil ay 100
19 20 sil b 100
19 20 sil ch 100
19 20 sil d 100
19 20 sil dh 100
19 20 sil dx 100
19 20 sil eh 100
19 20 sil er 100
19 20 sil ey 100
19 20 sil f 100
19 20 sil g 100
19 20 sil hh 100
19 20 sil ih 100
19 20 sil iy 100
19 20 sil jh 100
19 20 sil k 100
19 20 sil l 100
19 20 sil m 100
19 20 sil n 100
19 20 sil ng 100
19 20 sil ow 100
19 20 sil oy 100
19 20 sil p 100
19 20 sil r 100
19 20 sil s 100
19 20 sil sh 100
19 20 sil t 100
19 20 sil th 100
19 20 sil uh 100
19 20 sil uw 100
19 20 sil v 100
19 20 sil w 100
19 20 sil y 100
19 20 sil z 100
20 21 g g 0
20 21 g <eps> 100
20 21 g aa 100
20 21 g ae 100
20 21 g ah 100
20 21 g aw 100
20 21 g ay 100
20 21 g b 100
20 21 g ch 100
20 21 g d 100
20 21 g dh 100
20 21 g dx 100
20 21 g eh 100
20 21 g er 100
20 21 g ey 100
20 21 g f 100
20 21 g hh 100
20 21 g ih 100
20 21 g iy 100
20 21 g jh 100
20 21 g k 100
20 21 g l 100
20 21 g m 100
20 21 g n 100
20 21 g ng 100
20 21 g ow 100
20 21 g oy 100
20 21 g p 100
20 21 g r 100
20 21 g s 100
20 21 g sh 100
20 21 g sil 100
20 21 g t 100
20 21 g th 100
20 21 g uh 100
20 21 g uw 100
20 21 g v 100
20 21 g w 100
20 21 g y 100
20 21 g z 100
21 22 r r 0
21 22 r <eps> 100
21 22 r aa 100
21 22 r ae 100
21 22 r ah 100
21 22 r aw 100
21 22 r ay 100
21 22 r b 100
21 22 r ch 100
21 22 r d 100
21 22 r dh 100
21 22 r dx 100
21 22 r eh 100
21 22 r er 100
21 22 r ey 100
21 22 r f 100
21 22 r g 100
21 22 r hh 100
21 22 r ih 100
21 22 r iy 100
21 22 r jh 100
21 22 r k 100
21 22 r l 100
21 22 r m 100
21 22 r n 100
21 22 r ng 100
21 22 r ow 100
21 22 r oy 100
21 22 r p 100
21 22 r s 100
21 22 r sh 100
21 22 r sil 100
21 22 r t 100
21 22 r th 100
21 22 r uh 100
21 22 r uw 100
21 22 r v 100
21 22 r w 100
21 22 r y 100
21 22 r z 100
22 23 iy iy 0
22 23 iy <eps> 100
22 23 iy aa 100
22 23 iy ae 100
22 23 iy ah 100
22 23 iy aw 100
22 23 iy ay 100
22 23 iy b 100
22 23 iy ch 100
22 23 iy d 100
22 23 iy dh 100
22 23 iy dx 100
22 23 iy eh 100
22 23 iy er 100
22 23 iy ey 100
22 23 iy f 100
22 23 iy g 100
22 23 iy hh 100
22 23 iy ih 100
22 23 iy jh 100
22 23 iy k 100
22 23 iy l 100
22 23 iy m 100
22 23 iy n 100
22 23 iy ng 100
22 23 iy ow 100
22 23 iy oy 100
22 23 iy p 100
22 23 iy r 100
22 23 iy s 100
22 23 iy sh 100
22 23 iy sil 100
22 23 iy t 100
22 23 iy th 100
22 23 iy uh 100
22 23 iy uw 100
22 23 iy v 100
22 23 iy w 100
22 23 iy y 100
22 23 iy z 100
23 24 s s 0
23 24 s <eps> 100
23 24 s aa 100
23 24 s ae 100
23 24 s ah 100
23 24 s aw 100
23 24 s ay 100
23 24 s b 100
23 24 s ch 100
23 24 s d 100
23 24 s dh 100
23 24 s dx 100
23 24 s eh 100
23 24 s er 100
23 24 s ey 100
23 24 s f 100
23 24 s g 100
23 24 s hh 100
23 24 s ih 100
23 24 s iy 100
23 24 s jh 100
23 24 s k 100
23 24 s l 100
23 24 s m 100
23 24 s n 100
23 24 s ng 100
23 24 s ow 100
23 24 s oy 100
23 24 s p 100
23 24 s r 100
23 24 s sh 100
23 24 s sil 100
23 24 s t 100
23 24 s th 100
23 24 s uh 100
23 24 s uw 100
23 24 s v 100
23 24 s w 100
23 24 s y 100
23 24 s z 100
24 25 iy iy 0
24 25 iy <eps> 100
24 25 iy aa 100
24 25 iy ae 100
24 25 iy ah 100
24 25 iy aw 100
24 25 iy ay 100
24 25 iy b 100
24 25 iy ch 100
24 25 iy d 100
24 25 iy dh 100
24 25 iy dx 100
24 25 iy eh 100
24 25 iy er 100
24 25 iy ey 100
24 25 iy f 100
24 25 iy g 100
24 25 iy hh 100
24 25 iy ih 100
24 25 iy jh 100
24 25 iy k 100
24 25 iy l 100
24 25 iy m 100
24 25 iy n 100
24 25 iy ng 100
24 25 iy ow 100
24 25 iy oy 100
24 25 iy p 100
24 25 iy r 100
24 25 iy s 100
24 25 iy sh 100
24 25 iy sil 100
24 25 iy t 100
24 25 iy th 100
24 25 iy uh 100
24 25 iy uw 100
24 25 iy v 100
24 25 iy w 100
24 25 iy y 100
24 25 iy z 100
25 26 w w 0
25 26 w <eps> 100
25 26 w aa 100
25 26 w ae 100
25 26 w ah 100
25 26 w aw 100
25 26 w ay 100
25 26 w b 100
25 26 w ch 100
25 26 w d 100
25 26 w dh 100
25 26 w dx 100
25 26 w eh 100
25 26 w er 100
25 26 w ey 100
25 26 w f 100
25 26 w g 100
25 26 w hh 100
25 26 w ih 100
25 26 w iy 100
25 26 w jh 100
25 26 w k 100
25 26 w l 100
25 26 w m 100
25 26 w n 100
25 26 w ng 100
25 26 w ow 100
25 26 w oy 100
25 26 w p 100
25 26 w r 100
25 26 w s 100
25 26 w sh 100
25 26 w sil 100
25 26 w t 100
25 26 w th 100
25 26 w uh 100
25 26 w uw 100
25 26 w v 100
25 26 w y 100
25 26 w z 100
26 27 aa aa 0
26 27 aa <eps> 100
26 27 aa ae 100
26 27 aa ah 100
26 27 aa aw 100
26 27 aa ay 100
26 27 aa b 100
26 27 aa ch 100
26 27 aa d 100
26 27 aa dh 100
26 27 aa dx 100
26 27 aa eh 100
26 27 aa er 100
26 27 aa ey 100
26 27 aa f 100
26 27 aa g 100
26 27 aa hh 100
26 27 aa ih 100
26 27 aa iy 100
26 27 aa jh 100
26 27 aa k 100
26 27 aa l 100
26 27 aa m 100
26 27 aa n 100
26 27 aa ng 100
26 27 aa ow 100
26 27 aa oy 100
26 27 aa p 100
26 27 aa r 100
26 27 aa s 100
26 27 aa sh 100
26 27 aa sil 100
26 27 aa t 100
26 27 aa th 100
26 27 aa uh 100
26 27 aa uw 100
26 27 aa v 100
26 27 aa w 100
26 27 aa y 100
26 27 aa z 100
27 28 sh sh 0
27 28 sh <eps> 100
27 28 sh aa 100
27 28 sh ae 100
27 28 sh ah 100
27 28 sh aw 100
27 28 sh ay 100
27 28 sh b 100
27 28 sh ch 100
27 28 sh d 100
27 28 sh dh 100
27 28 sh dx 100
27 28 sh eh 100
27 28 sh er 100
27 28 sh ey 100
27 28 sh f 100
27 28 sh g 100
27 28 sh hh 100
27 28 sh ih 100
27 28 sh iy 100
27 28 sh jh 100
27 28 sh k 100
27 28 sh l 100
27 28 sh m 100
27 28 sh n 100
27 28 sh ng 100
27 28 sh ow 100
27 28 sh oy 100
27 28 sh p 100
27 28 sh r 100
27 28 sh s 100
27 28 sh sil 100
27 28 sh t 100
27 28 sh th 100
27 28 sh uh 100
27 28 sh uw 100
27 28 sh v 100
27 28 sh w 100
27 28 sh y 100
27 28 sh z 100
28 29 sil sil 0
28 29 sil <eps> 100
28 29 sil aa 100
28 29 sil ae 100
28 29 sil ah 100
28 29 sil aw 100
28 29 sil ay 100
28 29 sil b 100
28 29 sil ch 100
28 29 sil d 100
28 29 sil dh 100
28 29 sil dx 100
28 29 sil eh 100
28 29 sil er 100
28 29 sil ey 100
28 29 sil f 100
28 29 sil g 100
28 29 sil hh 100
28 29 sil ih 100
28 29 sil iy 100
28 29 sil jh 100
28 29 sil k 100
28 29 sil l 100
28 29 sil m 100
28 29 sil n 100
28 29 sil ng 100
28 29 sil ow 100
28 29 sil oy 100
28 29 sil p 100
28 29 sil r 100
28 29 sil s 100
28 29 sil sh 100
28 29 sil t 100
28 29 sil th 100
28 29 sil uh 100
28 29 sil uw 100
28 29 sil v 100
28 29 sil w 100
28 29 sil y 100
28 29 sil z 100
29 30 w w 0
29 30 w <eps> 100
29 30 w aa 100
29 30 w ae 100
29 30 w ah 100
29 30 w aw 100
29 30 w ay 100
29 30 w b 100
29 30 w ch 100
29 30 w d 100
29 30 w dh 100
29 30 w dx 100
29 30 w eh 100
29 30 w er 100
29 30 w ey 100
29 30 w f 100
29 30 w g 100
29 30 w hh 100
29 30 w ih 100
29 30 w iy 100
29 30 w jh 100
29 30 w k 100
29 30 w l 100
29 30 w m 100
29 30 w n 100
29 30 w ng 100
29 30 w ow 100
29 30 w oy 100
29 30 w p 100
29 30 w r 100
29 30 w s 100
29 30 w sh 100
29 30 w sil 100
29 30 w t 100
29 30 w th 100
29 30 w uh 100
29 30 w uw 100
29 30 w v 100
29 30 w y 100
29 30 w z 100
30 31 aa aa 0
30 31 aa <eps> 100
30 31 aa ae 100
30 31 aa ah 100
30 31 aa aw 100
30 31 aa ay 100
30 31 aa b 100
30 31 aa ch 100
30 31 aa d 100
30 31 aa dh 100
30 31 aa dx 100
30 31 aa eh 100
30 31 aa er 100
30 31 aa ey 100
30 31 aa f 100
30 31 aa g 100
30 31 aa hh 100
30 31 aa ih 100
30 31 aa iy 100
30 31 aa jh 100
30 31 aa k 100
30 31 aa l 100
30 31 aa m 100
30 31 aa n 100
30 31 aa ng 100
30 31 aa ow 100
30 31 aa oy 100
30 31 aa p 100
30 31 aa r 100
30 31 aa s 100
30 31 aa sh 100
30 31 aa sil 100
30 31 aa t 100
30 31 aa th 100
30 31 aa uh 100
30 31 aa uw 100
30 31 aa v 100
30 31 aa w 100
30 31 aa y 100
30 31 aa z 100
31 32 dx dx 0
31 32 dx <eps> 100
31 32 dx aa 100
31 32 dx ae 100
31 32 dx ah 100
31 32 dx aw 100
31 32 dx ay 100
31 32 dx b 100
31 32 dx ch 100
31 32 dx d 100
31 32 dx dh 100
31 32 dx eh 100
31 32 dx er 100
31 32 dx ey 100
31 32 dx f 100
31 32 dx g 100
31 32 dx hh 100
31 32 dx ih 100
31 32 dx iy 100
31 32 dx jh 100
31 32 dx k 100
31 32 dx l 100
31 32 dx m 100
31 32 dx n 100
31 32 dx ng 100
31 32 dx ow 100
31 32 dx oy 100
31 32 dx p 100
31 32 dx r 100
31 32 dx s 100
31 32 dx sh 100
31 32 dx sil 100
31 32 dx t 100
31 32 dx th 100
31 32 dx uh 100
31 32 dx uw 100
31 32 dx v 100
31 32 dx w 100
31 32 dx y 100
31 32 dx z 100
32 33 er er 0
32 33 er <eps> 100
32 33 er aa 100
32 33 er ae 100
32 33 er ah 100
32 33 er aw 100
32 33 er ay 100
32 33 er b 100
32 33 er ch 100
32 33 er d 100
32 33 er dh 100
32 33 er dx 100
32 33 er eh 100
32 33 er ey 100
32 33 er f 100
32 33 er g 100
32 33 er hh 100
32 33 er ih 100
32 33 er iy 100
32 33 er jh 100
32 33 er k 100
32 33 er l 100
32 33 er m 100
32 33 er n 100
32 33 er ng 100
32 33 er ow 100
32 33 er oy 100
32 33 er p 100
32 33 er r 100
32 33 er s 100
32 33 er sh 100
32 33 er sil 100
32 33 er t 100
32 33 er th 100
32 33 er uh 100
32 33 er uw 100
32 33 er v 100
32 33 er w 100
32 33 er y 100
32 33 er z 100
33 34 aa aa 0
33 34 aa <eps> 100
33 34 aa ae 100
33 34 aa ah 100
33 34 aa aw 100
33 34 aa ay 100
33 34 aa b 100
33 34 aa ch 100
33 34 aa d 100
33 34 aa dh 100
33 34 aa dx 100
33 34 aa eh 100
33 34 aa er 100
33 34 aa ey 100
33 34 aa f 100
33 34 aa g 100
33 34 aa hh 100
33 34 aa ih 100
33 34 aa iy 100
33 34 aa jh 100
33 34 aa k 100
33 34 aa l 100
33 34 aa m 100
33 34 aa n 100
33 34 aa ng 100
33 34 aa ow 100
33 34 aa oy 100
33 34 aa p 100
33 34 aa r 100
33 34 aa s 100
33 34 aa sh 100
33 34 aa sil 100
33 34 aa t 100
33 34 aa th 100
33 34 aa uh 100
33 34 aa uw 100
33 34 aa v 100
33 34 aa w 100
33 34 aa y 100
33 34 aa z 100
34 35 l l 0
34 35 l <eps> 100
34 35 l aa 100
34 35 l ae 100
34 35 l ah 100
34 35 l aw 100
34 35 l ay 100
34 35 l b 100
34 35 l ch 100
34 35 l d 100
34 35 l dh 100
34 35 l dx 100
34 35 l eh 100
34 35 l er 100
34 35 l ey 100
34 35 l f 100
34 35 l g 100
34 35 l hh 100
34 35 l ih 100
34 35 l iy 100
34 35 l jh 100
34 35 l k 100
34 35 l m 100
34 35 l n 100
34 35 l ng 100
34 35 l ow 100
34 35 l oy 100
34 35 l p 100
34 35 l r 100
34 35 l s 100
34 35 l sh 100
34 35 l sil 100
34 35 l t 100
34 35 l th 100
34 35 l uh 100
34 35 l uw 100
34 35 l v 100
34 35 l w 100
34 35 l y 100
34 35 l z 100
35 36 y y 0
35 36 y <eps> 100
35 36 y aa 100
35 36 y ae 100
35 36 y ah 100
35 36 y aw 100
35 36 y ay 100
35 36 y b 100
35 36 y ch 100
35 36 y d 100
35 36 y dh 100
35 36 y dx 100
35 36 y eh 100
35 36 y er 100
35 36 y ey 100
35 36 y f 100
35 36 y g 100
35 36 y hh 100
35 36 y ih 100
35 36 y iy 100
35 36 y jh 100
35 36 y k 100
35 36 y l 100
35 36 y m 100
35 36 y n 100
35 36 y ng 100
35 36 y ow 100
35 36 y oy 100
35 36 y p 100
35 36 y r 100
35 36 y s 100
35 36 y sh 100
35 36 y sil 100
35 36 y t 100
35 36 y th 100
35 36 y uh 100
35 36 y uw 100
35 36 y v 100
35 36 y w 100
35 36 y z 100
36 37 iy iy 0
36 37 iy <eps> 100
36 37 iy aa 100
36 37 iy ae 100
36 37 iy ah 100
36 37 iy aw 100
36 37 iy ay 100
36 37 iy b 100
36 37 iy ch 100
36 37 iy d 100
36 37 iy dh 100
36 37 iy dx 100
36 37 iy eh 100
36 37 iy er 100
36 37 iy ey 100
36 37 iy f 100
36 37 iy g 100
36 37 iy hh 100
36 37 iy ih 100
36 37 iy jh 100
36 37 iy k 100
36 37 iy l 100
36 37 iy m 100
36 37 iy n 100
36 37 iy ng 100
36 37 iy ow 100
36 37 iy oy 100
36 37 iy p 100
36 37 iy r 100
36 37 iy s 100
36 37 iy sh 100
36 37 iy sil 100
36 37 iy t 100
36 37 iy th 100
36 37 iy uh 100
36 37 iy uw 100
36 37 iy v 100
36 37 iy w 100
36 37 iy y 100
36 37 iy z 100
37 38 er er 0
37 38 er <eps> 100
37 38 er aa 100
37 38 er ae 100
37 38 er ah 100
37 38 er aw 100
37 38 er ay 100
37 38 er b 100
37 38 er ch 100
37 38 er d 100
37 38 er dh 100
37 38 er dx 100
37 38 er eh 100
37 38 er ey 100
37 38 er f 100
37 38 er g 100
37 38 er hh 100
37 38 er ih 100
37 38 er iy 100
37 38 er jh 100
37 38 er k 100
37 38 er l 100
37 38 er m 100
37 38 er n 100
37 38 er ng 100
37 38 er ow 100
37 38 er oy 100
37 38 er p 100
37 38 er r 100
37 38 er s 100
37 38 er sh 100
37 38 er sil 100
37 38 er t 100
37 38 er th 100
37 38 er uh 100
37 38 er uw 100
37 38 er v 100
37 38 er w 100
37 38 er y 100
37 38 er z 100
38 0
